Input parameters are:['/Users/carolzhou/DEV/PhATE/Code/GeneCalling/phate_genecallPhage.py', '/Users/carolzhou/DEV/PhATE/Code/PipelineInput/Ec_P2_NC_001895.fasta', '/Users/carolzhou/DEV/PhATE/Code/PipelineOutput/Ec_P2', 'prodigal_glimmer_thea_']
output folder is /Users/carolzhou/DEV/PhATE/Code/PipelineOutput/Ec_P2/
working folder is /Users/carolzhou/DEV/PhATE/Code
results file is /Users/carolzhou/DEV/PhATE/Code/PipelineOutput/Ec_P2/results.txt
GENEMARKS_CALLS is False
PRODIGAL_CALLS is True
GLIMMER_CALLS is True
THEA_CALLS is True
DEBUG is True
Processing Prodigal
command is /usr/local/bin/prodigal -q -i /Users/carolzhou/DEV/PhATE/Code/PipelineInput/Ec_P2_NC_001895.fasta -o /Users/carolzhou/DEV/PhATE/Code/PipelineOutput/Ec_P2/prodigal.gff -f gff -p meta
command is /usr/local/bin/prodigal -i /Users/carolzhou/DEV/PhATE/Code/PipelineInput/Ec_P2_NC_001895.fasta -o /Users/carolzhou/DEV/PhATE/Code/PipelineOutput/Ec_P2/prodigal.genes.sco -f sco -p meta -d /Users/carolzhou/DEV/PhATE/Code/PipelineOutput/Ec_P2/prodigal.proteins.faa -s /Users/carolzhou/DEV/PhATE/Code/PipelineOutput/Ec_P2/prodigal.genes.potential
Prodigal processing complete.
Preparing to process Glimmer calls
GLIMMER_CALLS is True
Processing Glimmer
glimmerPath is /Users/carolzhou/DEV/PhATE/OtherCodes/Glimmer/glimmer3.02/bin/
fastaFileName is /Users/carolzhou/DEV/PhATE/Code/PipelineInput/Ec_P2_NC_001895.fasta
outputFolder is /Users/carolzhou/DEV/PhATE/Code/PipelineOutput/Ec_P2/
command is /Users/carolzhou/DEV/PhATE/OtherCodes/Glimmer/glimmer3.02/bin/long-orfs -n -t 1.15 /Users/carolzhou/DEV/PhATE/Code/PipelineInput/Ec_P2_NC_001895.fasta /Users/carolzhou/DEV/PhATE/Code/PipelineOutput/Ec_P2/glimmer.longorfs
command is /Users/carolzhou/DEV/PhATE/OtherCodes/Glimmer/glimmer3.02/bin/extract -t /Users/carolzhou/DEV/PhATE/Code/PipelineInput/Ec_P2_NC_001895.fasta /Users/carolzhou/DEV/PhATE/Code/PipelineOutput/Ec_P2/glimmer.longorfs > /Users/carolzhou/DEV/PhATE/Code/PipelineOutput/Ec_P2/glimmer.train
command is /Users/carolzhou/DEV/PhATE/OtherCodes/Glimmer/glimmer3.02/bin/build-icm -r /Users/carolzhou/DEV/PhATE/Code/PipelineOutput/Ec_P2/glimmer.icm < /Users/carolzhou/DEV/PhATE/Code/PipelineOutput/Ec_P2/glimmer.train
command is /Users/carolzhou/DEV/PhATE/OtherCodes/Glimmer/glimmer3.02/bin/glimmer3 -o50 -g110 -t30 /Users/carolzhou/DEV/PhATE/Code/PipelineInput/Ec_P2_NC_001895.fasta /Users/carolzhou/DEV/PhATE/Code/PipelineOutput/Ec_P2/glimmer.icm /Users/carolzhou/DEV/PhATE/Code/PipelineOutput/Ec_P2/glimmer
command is tail -n +2 /Users/carolzhou/DEV/PhATE/Code/PipelineOutput/Ec_P2/glimmer.predict > /Users/carolzhou/DEV/PhATE/Code/PipelineOutput/Ec_P2/glimmer.coords
Raw Glimmer Output is /Users/carolzhou/DEV/PhATE/Code/PipelineOutput/Ec_P2/glimmer.predict
Processing Glimmer complete.
Preparing to process Genemarks calls
GENEMARKS_CALLS is False
Not running GeneMarkS gene calling
Preparing to process THEA calls
THEA_CALLS is True
Processing THEA
command is python thea.py /Users/carolzhou/DEV/PhATE/Code/PipelineInput/Ec_P2_NC_001895.fasta > /Users/carolzhou/DEV/PhATE/Code/PipelineOutput/Ec_P2/theaOutput.txt
Processing THEA complete.
Preparing results
GENE_CALL_TESTING
Writing genecall data to results file...
Printing tallied genecall method call counts...
Printing file info...
Parsing genecall files into CGC format...
command is python /Users/carolzhou/DEV/PhATE/Code/CompareCalls//CGC_parser.py Prodigal /Users/carolzhou/DEV/PhATE/Code/PipelineOutput/Ec_P2/prodigal.genes.sco /Users/carolzhou/DEV/PhATE/Code/PipelineOutput/Ec_P2/prodigal.cgc
command is python /Users/carolzhou/DEV/PhATE/Code/CompareCalls//CGC_parser.py Glimmer /Users/carolzhou/DEV/PhATE/Code/PipelineOutput/Ec_P2/glimmer.coords /Users/carolzhou/DEV/PhATE/Code/PipelineOutput/Ec_P2/glimmer.cgc
command is python /Users/carolzhou/DEV/PhATE/Code/CompareCalls//CGC_parser.py THEA /Users/carolzhou/DEV/PhATE/Code/PipelineOutput/Ec_P2/theaOutput.txt /Users/carolzhou/DEV/PhATE/Code/PipelineOutput/Ec_P2/thea.cgc
callerCount is 3
command is python /Users/carolzhou/DEV/PhATE/Code/CompareCalls//CGC_main.py /Users/carolzhou/DEV/PhATE/Code/PipelineOutput/Ec_P2/*.cgc > /Users/carolzhou/DEV/PhATE/Code/PipelineOutput/Ec_P2/CGC_results.txt
